{
  "/Users/dmitrijivasenko/Desktop/ОБУЧЕНИЕ/React/react-learning/my-react-app/src/App.tsx": {
    "path": "/Users/dmitrijivasenko/Desktop/ОБУЧЕНИЕ/React/react-learning/my-react-app/src/App.tsx",
    "statementMap": {
      "0": {
        "start": { "line": 1, "column": 0 },
        "end": { "line": 1, "column": 19 }
      },
      "1": {
        "start": { "line": 2, "column": 0 },
        "end": { "line": 2, "column": 59 }
      },
      "2": {
        "start": { "line": 3, "column": 0 },
        "end": { "line": 3, "column": 54 }
      },
      "3": {
        "start": { "line": 4, "column": 0 },
        "end": { "line": 4, "column": 66 }
      },
      "4": {
        "start": { "line": 7, "column": 2 },
        "end": { "line": 13, "column": 4 }
      },
      "5": {
        "start": { "line": 6, "column": 0 },
        "end": { "line": 6, "column": 24 }
      }
    },
    "fnMap": {
      "0": {
        "name": "App",
        "decl": {
          "start": { "line": 6, "column": 24 },
          "end": { "line": 6, "column": 27 }
        },
        "loc": {
          "start": { "line": 6, "column": 27 },
          "end": { "line": 14, "column": 1 }
        }
      }
    },
    "branchMap": {},
    "s": { "0": 1, "1": 1, "2": 1, "3": 1, "4": 3, "5": 1 },
    "f": { "0": 3 },
    "b": {}
  },
  "/Users/dmitrijivasenko/Desktop/ОБУЧЕНИЕ/React/react-learning/my-react-app/src/components/error-button/error-button.tsx": {
    "path": "/Users/dmitrijivasenko/Desktop/ОБУЧЕНИЕ/React/react-learning/my-react-app/src/components/error-button/error-button.tsx",
    "statementMap": {
      "0": {
        "start": { "line": 1, "column": 0 },
        "end": { "line": 1, "column": 29 }
      },
      "1": {
        "start": { "line": 2, "column": 0 },
        "end": { "line": 2, "column": 40 }
      },
      "2": {
        "start": { "line": 5, "column": 27 },
        "end": { "line": 5, "column": 42 }
      },
      "3": {
        "start": { "line": 8, "column": 4 },
        "end": { "line": 8, "column": 20 }
      },
      "4": {
        "start": { "line": 11, "column": 2 },
        "end": { "line": 13, "column": null }
      },
      "5": {
        "start": { "line": 12, "column": 4 },
        "end": { "line": 12, "column": 57 }
      },
      "6": {
        "start": { "line": 14, "column": 2 },
        "end": { "line": 18, "column": 4 }
      },
      "7": {
        "start": { "line": 4, "column": 0 },
        "end": { "line": 4, "column": 24 }
      }
    },
    "fnMap": {
      "0": {
        "name": "ErrorButton",
        "decl": {
          "start": { "line": 4, "column": 24 },
          "end": { "line": 4, "column": 35 }
        },
        "loc": {
          "start": { "line": 4, "column": 35 },
          "end": { "line": 19, "column": 1 }
        }
      },
      "1": {
        "name": "throwError",
        "decl": {
          "start": { "line": 7, "column": 11 },
          "end": { "line": 7, "column": 21 }
        },
        "loc": {
          "start": { "line": 7, "column": 21 },
          "end": { "line": 9, "column": 3 }
        }
      }
    },
    "branchMap": {
      "0": {
        "loc": {
          "start": { "line": 11, "column": 2 },
          "end": { "line": 13, "column": null }
        },
        "type": "if",
        "locations": [
          {
            "start": { "line": 11, "column": 2 },
            "end": { "line": 13, "column": null }
          }
        ]
      }
    },
    "s": { "0": 1, "1": 1, "2": 0, "3": 0, "4": 0, "5": 0, "6": 0, "7": 1 },
    "f": { "0": 0, "1": 0 },
    "b": { "0": [0] }
  },
  "/Users/dmitrijivasenko/Desktop/ОБУЧЕНИЕ/React/react-learning/my-react-app/src/components/header/header.tsx": {
    "path": "/Users/dmitrijivasenko/Desktop/ОБУЧЕНИЕ/React/react-learning/my-react-app/src/components/header/header.tsx",
    "statementMap": {
      "0": {
        "start": { "line": 1, "column": 0 },
        "end": { "line": 1, "column": 23 }
      },
      "1": {
        "start": { "line": 2, "column": 0 },
        "end": { "line": 2, "column": 38 }
      },
      "2": {
        "start": { "line": 3, "column": 0 },
        "end": { "line": 3, "column": 55 }
      },
      "3": {
        "start": { "line": 6, "column": 2 },
        "end": { "line": 11, "column": 4 }
      },
      "4": {
        "start": { "line": 5, "column": 0 },
        "end": { "line": 5, "column": 24 }
      }
    },
    "fnMap": {
      "0": {
        "name": "Header",
        "decl": {
          "start": { "line": 5, "column": 24 },
          "end": { "line": 5, "column": 30 }
        },
        "loc": {
          "start": { "line": 5, "column": 30 },
          "end": { "line": 12, "column": 1 }
        }
      }
    },
    "branchMap": {},
    "s": { "0": 1, "1": 1, "2": 1, "3": 0, "4": 1 },
    "f": { "0": 0 },
    "b": {}
  },
  "/Users/dmitrijivasenko/Desktop/ОБУЧЕНИЕ/React/react-learning/my-react-app/src/components/loader/loader.tsx": {
    "path": "/Users/dmitrijivasenko/Desktop/ОБУЧЕНИЕ/React/react-learning/my-react-app/src/components/loader/loader.tsx",
    "statementMap": {
      "0": {
        "start": { "line": 1, "column": 0 },
        "end": { "line": 1, "column": 23 }
      },
      "1": {
        "start": { "line": 4, "column": 2 },
        "end": { "line": 4, "column": 40 }
      },
      "2": {
        "start": { "line": 3, "column": 0 },
        "end": { "line": 3, "column": 24 }
      }
    },
    "fnMap": {
      "0": {
        "name": "Loader",
        "decl": {
          "start": { "line": 3, "column": 24 },
          "end": { "line": 3, "column": 30 }
        },
        "loc": {
          "start": { "line": 3, "column": 30 },
          "end": { "line": 5, "column": 1 }
        }
      }
    },
    "branchMap": {},
    "s": { "0": 1, "1": 0, "2": 1 },
    "f": { "0": 0 },
    "b": {}
  },
  "/Users/dmitrijivasenko/Desktop/ОБУЧЕНИЕ/React/react-learning/my-react-app/src/components/main-block/main-block.tsx": {
    "path": "/Users/dmitrijivasenko/Desktop/ОБУЧЕНИЕ/React/react-learning/my-react-app/src/components/main-block/main-block.tsx",
    "statementMap": {
      "0": {
        "start": { "line": 1, "column": 0 },
        "end": { "line": 1, "column": 27 }
      },
      "1": {
        "start": { "line": 2, "column": 0 },
        "end": { "line": 2, "column": 38 }
      },
      "2": {
        "start": { "line": 5, "column": 2 },
        "end": { "line": 9, "column": 4 }
      },
      "3": {
        "start": { "line": 4, "column": 0 },
        "end": { "line": 4, "column": 24 }
      }
    },
    "fnMap": {
      "0": {
        "name": "MainBlock",
        "decl": {
          "start": { "line": 4, "column": 24 },
          "end": { "line": 4, "column": 33 }
        },
        "loc": {
          "start": { "line": 4, "column": 33 },
          "end": { "line": 10, "column": 1 }
        }
      }
    },
    "branchMap": {},
    "s": { "0": 1, "1": 1, "2": 0, "3": 1 },
    "f": { "0": 0 },
    "b": {}
  },
  "/Users/dmitrijivasenko/Desktop/ОБУЧЕНИЕ/React/react-learning/my-react-app/src/components/results/results.tsx": {
    "path": "/Users/dmitrijivasenko/Desktop/ОБУЧЕНИЕ/React/react-learning/my-react-app/src/components/results/results.tsx",
    "statementMap": {
      "0": {
        "start": { "line": 1, "column": 0 },
        "end": { "line": 1, "column": 56 }
      },
      "1": {
        "start": { "line": 2, "column": 0 },
        "end": { "line": 2, "column": 24 }
      },
      "2": {
        "start": { "line": 3, "column": 0 },
        "end": { "line": 3, "column": 62 }
      },
      "3": {
        "start": { "line": 4, "column": 0 },
        "end": { "line": 4, "column": 51 }
      },
      "4": {
        "start": { "line": 6, "column": 0 },
        "end": { "line": 6, "column": 38 }
      },
      "5": {
        "start": { "line": 7, "column": 0 },
        "end": { "line": 7, "column": 38 }
      },
      "6": {
        "start": { "line": 14, "column": 18 },
        "end": { "line": 14, "column": 63 }
      },
      "7": {
        "start": { "line": 16, "column": 24 },
        "end": { "line": 16, "column": 64 }
      },
      "8": {
        "start": { "line": 17, "column": 38 },
        "end": { "line": 17, "column": 50 }
      },
      "9": {
        "start": { "line": 18, "column": 34 },
        "end": { "line": 18, "column": 60 }
      },
      "10": {
        "start": { "line": 21, "column": 4 },
        "end": { "line": 21, "column": 24 }
      },
      "11": {
        "start": { "line": 25, "column": 19 },
        "end": { "line": 25, "column": 52 }
      },
      "12": {
        "start": { "line": 26, "column": 4 },
        "end": { "line": 26, "column": 31 }
      },
      "13": {
        "start": { "line": 27, "column": 4 },
        "end": { "line": 27, "column": 51 }
      },
      "14": {
        "start": { "line": 30, "column": 2 },
        "end": { "line": 35, "column": 12 }
      },
      "15": {
        "start": { "line": 31, "column": 4 },
        "end": { "line": 34, "column": null }
      },
      "16": {
        "start": { "line": 32, "column": 6 },
        "end": { "line": 32, "column": 39 }
      },
      "17": {
        "start": { "line": 33, "column": 6 },
        "end": { "line": 33, "column": 36 }
      },
      "18": {
        "start": { "line": 37, "column": 2 },
        "end": { "line": 94, "column": null }
      },
      "19": {
        "start": { "line": 38, "column": 21 },
        "end": { "line": 38, "column": 23 }
      },
      "20": {
        "start": { "line": 39, "column": 4 },
        "end": { "line": 45, "column": null }
      },
      "21": {
        "start": { "line": 39, "column": 17 },
        "end": { "line": 39, "column": 18 }
      },
      "22": {
        "start": { "line": 40, "column": 6 },
        "end": { "line": 44, "column": 8 }
      },
      "23": {
        "start": { "line": 41, "column": 29 },
        "end": { "line": 41, "column": 54 }
      },
      "24": {
        "start": { "line": 47, "column": 4 },
        "end": { "line": 93, "column": 6 }
      },
      "25": {
        "start": { "line": 59, "column": 22 },
        "end": { "line": 65, "column": null }
      },
      "26": {
        "start": { "line": 67, "column": 43 },
        "end": { "line": 67, "column": 74 }
      },
      "27": {
        "start": { "line": 80, "column": 22 },
        "end": { "line": 80, "column": 40 }
      },
      "28": {
        "start": { "line": 13, "column": 0 },
        "end": { "line": 13, "column": 24 }
      }
    },
    "fnMap": {
      "0": {
        "name": "Results",
        "decl": {
          "start": { "line": 13, "column": 24 },
          "end": { "line": 13, "column": 31 }
        },
        "loc": {
          "start": { "line": 13, "column": 53 },
          "end": { "line": 95, "column": 1 }
        }
      },
      "1": {
        "name": "openDetails",
        "decl": {
          "start": { "line": 20, "column": 11 },
          "end": { "line": 20, "column": 22 }
        },
        "loc": {
          "start": { "line": 20, "column": 35 },
          "end": { "line": 22, "column": 3 }
        }
      },
      "2": {
        "name": "handleChange",
        "decl": {
          "start": { "line": 24, "column": 11 },
          "end": { "line": 24, "column": 23 }
        },
        "loc": {
          "start": { "line": 24, "column": 67 },
          "end": { "line": 28, "column": 3 }
        }
      },
      "3": {
        "name": "(anonymous_4)",
        "decl": {
          "start": { "line": 30, "column": 12 },
          "end": { "line": 30, "column": 15 }
        },
        "loc": {
          "start": { "line": 30, "column": 17 },
          "end": { "line": 35, "column": 3 }
        }
      },
      "4": {
        "name": "(anonymous_5)",
        "decl": {
          "start": { "line": 41, "column": 23 },
          "end": { "line": 41, "column": 26 }
        },
        "loc": {
          "start": { "line": 41, "column": 29 },
          "end": { "line": 41, "column": 54 }
        }
      },
      "5": {
        "name": "(anonymous_6)",
        "decl": {
          "start": { "line": 58, "column": 20 },
          "end": { "line": 58, "column": 21 }
        },
        "loc": {
          "start": { "line": 59, "column": 22 },
          "end": { "line": 65, "column": null }
        }
      },
      "6": {
        "name": "(anonymous_7)",
        "decl": {
          "start": { "line": 67, "column": 37 },
          "end": { "line": 67, "column": 40 }
        },
        "loc": {
          "start": { "line": 67, "column": 43 },
          "end": { "line": 67, "column": 74 }
        }
      },
      "7": {
        "name": "(anonymous_8)",
        "decl": {
          "start": { "line": 79, "column": 33 },
          "end": { "line": 79, "column": 34 }
        },
        "loc": {
          "start": { "line": 80, "column": 22 },
          "end": { "line": 80, "column": 40 }
        }
      }
    },
    "branchMap": {
      "0": {
        "loc": {
          "start": { "line": 31, "column": 4 },
          "end": { "line": 34, "column": null }
        },
        "type": "if",
        "locations": [
          {
            "start": { "line": 31, "column": 4 },
            "end": { "line": 34, "column": null }
          }
        ]
      },
      "1": {
        "loc": {
          "start": { "line": 37, "column": 2 },
          "end": { "line": 94, "column": null }
        },
        "type": "if",
        "locations": [
          {
            "start": { "line": 37, "column": 2 },
            "end": { "line": 94, "column": null }
          }
        ]
      },
      "2": {
        "loc": {
          "start": { "line": 49, "column": 9 },
          "end": { "line": 90, "column": null }
        },
        "type": "cond-expr",
        "locations": [
          {
            "start": { "line": 50, "column": 10 },
            "end": { "line": 50, "column": 20 }
          },
          {
            "start": { "line": 52, "column": 10 },
            "end": { "line": 89, "column": null }
          }
        ]
      },
      "3": {
        "loc": {
          "start": { "line": 56, "column": 17 },
          "end": { "line": 71, "column": null }
        },
        "type": "binary-expr",
        "locations": [
          {
            "start": { "line": 56, "column": 17 },
            "end": { "line": 56, "column": 38 }
          },
          {
            "start": { "line": 57, "column": 18 },
            "end": { "line": 71, "column": null }
          }
        ]
      },
      "4": {
        "loc": {
          "start": { "line": 61, "column": 26 },
          "end": { "line": 63, "column": 52 }
        },
        "type": "cond-expr",
        "locations": [
          {
            "start": { "line": 62, "column": 31 },
            "end": { "line": 62, "column": 51 }
          },
          {
            "start": { "line": 63, "column": 31 },
            "end": { "line": 63, "column": 52 }
          }
        ]
      },
      "5": {
        "loc": {
          "start": { "line": 68, "column": 31 },
          "end": { "line": 68, "column": 65 }
        },
        "type": "cond-expr",
        "locations": [
          {
            "start": { "line": 68, "column": 43 },
            "end": { "line": 68, "column": 52 }
          },
          {
            "start": { "line": 68, "column": 55 },
            "end": { "line": 68, "column": 65 }
          }
        ]
      },
      "6": {
        "loc": {
          "start": { "line": 74, "column": 15 },
          "end": { "line": 86, "column": null }
        },
        "type": "cond-expr",
        "locations": [
          {
            "start": { "line": 75, "column": 16 },
            "end": { "line": 75, "column": 18 }
          },
          {
            "start": { "line": 77, "column": 16 },
            "end": { "line": 85, "column": null }
          }
        ]
      }
    },
    "s": {
      "0": 1,
      "1": 1,
      "2": 1,
      "3": 1,
      "4": 1,
      "5": 1,
      "6": 1,
      "7": 1,
      "8": 1,
      "9": 1,
      "10": 0,
      "11": 0,
      "12": 0,
      "13": 0,
      "14": 1,
      "15": 1,
      "16": 0,
      "17": 0,
      "18": 1,
      "19": 0,
      "20": 0,
      "21": 0,
      "22": 0,
      "23": 0,
      "24": 0,
      "25": 0,
      "26": 0,
      "27": 0,
      "28": 1
    },
    "f": { "0": 1, "1": 0, "2": 0, "3": 1, "4": 0, "5": 0, "6": 0, "7": 0 },
    "b": {
      "0": [0],
      "1": [0],
      "2": [0, 0],
      "3": [0, 0],
      "4": [0, 0],
      "5": [0, 0],
      "6": [0, 0]
    }
  },
  "/Users/dmitrijivasenko/Desktop/ОБУЧЕНИЕ/React/react-learning/my-react-app/src/components/search/search.tsx": {
    "path": "/Users/dmitrijivasenko/Desktop/ОБУЧЕНИЕ/React/react-learning/my-react-app/src/components/search/search.tsx",
    "statementMap": {
      "0": {
        "start": { "line": 1, "column": 0 },
        "end": { "line": 1, "column": 56 }
      },
      "1": {
        "start": { "line": 3, "column": 0 },
        "end": { "line": 3, "column": 62 }
      },
      "2": {
        "start": { "line": 4, "column": 0 },
        "end": { "line": 4, "column": 23 }
      },
      "3": {
        "start": { "line": 7, "column": 2 },
        "end": { "line": 13, "column": 4 }
      },
      "4": {
        "start": { "line": 17, "column": 18 },
        "end": { "line": 17, "column": 58 }
      },
      "5": {
        "start": { "line": 18, "column": 28 },
        "end": { "line": 18, "column": 77 }
      },
      "6": {
        "start": { "line": 20, "column": 2 },
        "end": { "line": 23, "column": 23 }
      },
      "7": {
        "start": { "line": 21, "column": 4 },
        "end": { "line": 21, "column": 35 }
      },
      "8": {
        "start": { "line": 22, "column": 4 },
        "end": { "line": 22, "column": 23 }
      },
      "9": {
        "start": { "line": 26, "column": 4 },
        "end": { "line": 26, "column": 33 }
      },
      "10": {
        "start": { "line": 30, "column": 4 },
        "end": { "line": 30, "column": 35 }
      },
      "11": {
        "start": { "line": 31, "column": 4 },
        "end": { "line": 33, "column": null }
      },
      "12": {
        "start": { "line": 32, "column": 6 },
        "end": { "line": 32, "column": 29 }
      },
      "13": {
        "start": { "line": 36, "column": 2 },
        "end": { "line": 51, "column": 4 }
      },
      "14": {
        "start": { "line": 16, "column": 0 },
        "end": { "line": 16, "column": 24 }
      }
    },
    "fnMap": {
      "0": {
        "name": "MyButton",
        "decl": {
          "start": { "line": 6, "column": 9 },
          "end": { "line": 6, "column": 17 }
        },
        "loc": {
          "start": { "line": 6, "column": 42 },
          "end": { "line": 14, "column": 1 }
        }
      },
      "1": {
        "name": "Search",
        "decl": {
          "start": { "line": 16, "column": 24 },
          "end": { "line": 16, "column": 30 }
        },
        "loc": {
          "start": { "line": 16, "column": 30 },
          "end": { "line": 52, "column": 1 }
        }
      },
      "2": {
        "name": "(anonymous_2)",
        "decl": {
          "start": { "line": 20, "column": 12 },
          "end": { "line": 20, "column": 15 }
        },
        "loc": {
          "start": { "line": 20, "column": 17 },
          "end": { "line": 23, "column": 3 }
        }
      },
      "3": {
        "name": "handleUserInput",
        "decl": {
          "start": { "line": 25, "column": 11 },
          "end": { "line": 25, "column": 26 }
        },
        "loc": {
          "start": { "line": 25, "column": 69 },
          "end": { "line": 27, "column": 3 }
        }
      },
      "4": {
        "name": "handleSearchClick",
        "decl": {
          "start": { "line": 29, "column": 11 },
          "end": { "line": 29, "column": 28 }
        },
        "loc": {
          "start": { "line": 29, "column": 28 },
          "end": { "line": 34, "column": 3 }
        }
      }
    },
    "branchMap": {
      "0": {
        "loc": {
          "start": { "line": 18, "column": 37 },
          "end": { "line": 18, "column": 76 }
        },
        "type": "binary-expr",
        "locations": [
          {
            "start": { "line": 18, "column": 37 },
            "end": { "line": 18, "column": 70 }
          },
          {
            "start": { "line": 18, "column": 74 },
            "end": { "line": 18, "column": 76 }
          }
        ]
      },
      "1": {
        "loc": {
          "start": { "line": 21, "column": 13 },
          "end": { "line": 21, "column": 33 }
        },
        "type": "binary-expr",
        "locations": [
          {
            "start": { "line": 21, "column": 13 },
            "end": { "line": 21, "column": 27 }
          },
          {
            "start": { "line": 21, "column": 31 },
            "end": { "line": 21, "column": 33 }
          }
        ]
      },
      "2": {
        "loc": {
          "start": { "line": 31, "column": 4 },
          "end": { "line": 33, "column": null }
        },
        "type": "if",
        "locations": [
          {
            "start": { "line": 31, "column": 4 },
            "end": { "line": 33, "column": null }
          }
        ]
      }
    },
    "s": {
      "0": 1,
      "1": 1,
      "2": 1,
      "3": 0,
      "4": 0,
      "5": 0,
      "6": 0,
      "7": 0,
      "8": 0,
      "9": 0,
      "10": 0,
      "11": 0,
      "12": 0,
      "13": 0,
      "14": 1
    },
    "f": { "0": 0, "1": 0, "2": 0, "3": 0, "4": 0 },
    "b": { "0": [0, 0], "1": [0, 0], "2": [0] }
  },
  "/Users/dmitrijivasenko/Desktop/ОБУЧЕНИЕ/React/react-learning/my-react-app/src/services/error-boundary.tsx": {
    "path": "/Users/dmitrijivasenko/Desktop/ОБУЧЕНИЕ/React/react-learning/my-react-app/src/services/error-boundary.tsx",
    "statementMap": {
      "0": {
        "start": { "line": 1, "column": 0 },
        "end": { "line": 1, "column": 63 }
      },
      "1": {
        "start": { "line": 13, "column": 4 },
        "end": { "line": 13, "column": 17 }
      },
      "2": {
        "start": { "line": 14, "column": 4 },
        "end": { "line": 14, "column": 37 }
      },
      "3": {
        "start": { "line": 18, "column": 4 },
        "end": { "line": 18, "column": 19 }
      },
      "4": {
        "start": { "line": 19, "column": 4 },
        "end": { "line": 19, "column": 30 }
      },
      "5": {
        "start": { "line": 23, "column": 4 },
        "end": { "line": 23, "column": 70 }
      },
      "6": {
        "start": { "line": 27, "column": 4 },
        "end": { "line": 33, "column": null }
      },
      "7": {
        "start": { "line": 28, "column": 6 },
        "end": { "line": 32, "column": 8 }
      },
      "8": {
        "start": { "line": 35, "column": 4 },
        "end": { "line": 35, "column": 31 }
      },
      "9": {
        "start": { "line": 39, "column": 0 },
        "end": { "line": 39, "column": 29 }
      }
    },
    "fnMap": {
      "0": {
        "name": "(anonymous_0)",
        "decl": {
          "start": { "line": 12, "column": 2 },
          "end": { "line": 12, "column": 14 }
        },
        "loc": {
          "start": { "line": 12, "column": 39 },
          "end": { "line": 15, "column": 3 }
        }
      },
      "1": {
        "name": "(anonymous_1)",
        "decl": {
          "start": { "line": 17, "column": 2 },
          "end": { "line": 17, "column": 8 }
        },
        "loc": {
          "start": { "line": 17, "column": 42 },
          "end": { "line": 20, "column": 3 }
        }
      },
      "2": {
        "name": "(anonymous_2)",
        "decl": {
          "start": { "line": 22, "column": 2 },
          "end": { "line": 22, "column": 19 }
        },
        "loc": {
          "start": { "line": 22, "column": 54 },
          "end": { "line": 24, "column": 3 }
        }
      },
      "3": {
        "name": "(anonymous_3)",
        "decl": {
          "start": { "line": 26, "column": 2 },
          "end": { "line": 26, "column": 8 }
        },
        "loc": {
          "start": { "line": 26, "column": 8 },
          "end": { "line": 36, "column": 3 }
        }
      }
    },
    "branchMap": {
      "0": {
        "loc": {
          "start": { "line": 27, "column": 4 },
          "end": { "line": 33, "column": null }
        },
        "type": "if",
        "locations": [
          {
            "start": { "line": 27, "column": 4 },
            "end": { "line": 33, "column": null }
          }
        ]
      }
    },
    "s": {
      "0": 1,
      "1": 3,
      "2": 2,
      "3": 2,
      "4": 2,
      "5": 1,
      "6": 4,
      "7": 2,
      "8": 2,
      "9": 1
    },
    "f": { "0": 3, "1": 2, "2": 1, "3": 4 },
    "b": { "0": [2] }
  },
  "/Users/dmitrijivasenko/Desktop/ОБУЧЕНИЕ/React/react-learning/my-react-app/src/services/search-context.tsx": {
    "path": "/Users/dmitrijivasenko/Desktop/ОБУЧЕНИЕ/React/react-learning/my-react-app/src/services/search-context.tsx",
    "statementMap": {
      "0": {
        "start": { "line": 1, "column": 0 },
        "end": { "line": 1, "column": 66 }
      },
      "1": {
        "start": { "line": 8, "column": 0 },
        "end": { "line": 8, "column": 47 }
      },
      "2": {
        "start": { "line": 14, "column": 22 },
        "end": { "line": 14, "column": 73 }
      },
      "3": {
        "start": { "line": 144, "column": 9 },
        "end": { "line": 144, "column": 22 }
      },
      "4": {
        "start": { "line": 17, "column": 19 },
        "end": { "line": 17, "column": 32 }
      },
      "5": {
        "start": { "line": 18, "column": 36 },
        "end": { "line": 29, "column": 4 }
      },
      "6": {
        "start": { "line": 31, "column": 27 },
        "end": { "line": 31, "column": 28 }
      },
      "7": {
        "start": { "line": 32, "column": 14 },
        "end": { "line": 32, "column": 38 }
      },
      "8": {
        "start": { "line": 33, "column": 27 },
        "end": { "line": 33, "column": 29 }
      },
      "9": {
        "start": { "line": 34, "column": 17 },
        "end": { "line": 34, "column": 19 }
      },
      "10": {
        "start": { "line": 35, "column": 16 },
        "end": { "line": 35, "column": 18 }
      },
      "11": {
        "start": { "line": 36, "column": 57 },
        "end": { "line": 36, "column": 59 }
      },
      "12": {
        "start": { "line": 39, "column": 4 },
        "end": { "line": 39, "column": 19 }
      },
      "13": {
        "start": { "line": 40, "column": 4 },
        "end": { "line": 40, "column": 25 }
      },
      "14": {
        "start": { "line": 41, "column": 4 },
        "end": { "line": 41, "column": 18 }
      },
      "15": {
        "start": { "line": 42, "column": 4 },
        "end": { "line": 42, "column": 23 }
      },
      "16": {
        "start": { "line": 46, "column": 4 },
        "end": { "line": 49, "column": 8 }
      },
      "17": {
        "start": { "line": 46, "column": 29 },
        "end": { "line": 49, "column": 6 }
      },
      "18": {
        "start": { "line": 51, "column": 4 },
        "end": { "line": 51, "column": 31 }
      },
      "19": {
        "start": { "line": 55, "column": 4 },
        "end": { "line": 55, "column": 25 }
      },
      "20": {
        "start": { "line": 56, "column": 4 },
        "end": { "line": 61, "column": null }
      },
      "21": {
        "start": { "line": 57, "column": 20 },
        "end": { "line": 57, "column": 34 }
      },
      "22": {
        "start": { "line": 58, "column": 6 },
        "end": { "line": 58, "column": 34 }
      },
      "23": {
        "start": { "line": 60, "column": 6 },
        "end": { "line": 60, "column": 21 }
      },
      "24": {
        "start": { "line": 64, "column": 6 },
        "end": { "line": 64, "column": 66 }
      },
      "25": {
        "start": { "line": 65, "column": 16 },
        "end": { "line": 65, "column": 43 }
      },
      "26": {
        "start": { "line": 66, "column": 4 },
        "end": { "line": 68, "column": null }
      },
      "27": {
        "start": { "line": 66, "column": 17 },
        "end": { "line": 66, "column": 25 }
      },
      "28": {
        "start": { "line": 67, "column": 6 },
        "end": { "line": 67, "column": 29 }
      },
      "29": {
        "start": { "line": 72, "column": 4 },
        "end": { "line": 78, "column": null }
      },
      "30": {
        "start": { "line": 73, "column": 6 },
        "end": { "line": 73, "column": 25 }
      },
      "31": {
        "start": { "line": 74, "column": 6 },
        "end": { "line": 74, "column": 23 }
      },
      "32": {
        "start": { "line": 75, "column": 6 },
        "end": { "line": 75, "column": 27 }
      },
      "33": {
        "start": { "line": 76, "column": 6 },
        "end": { "line": 76, "column": 19 }
      },
      "34": {
        "start": { "line": 77, "column": 6 },
        "end": { "line": 77, "column": 16 }
      },
      "35": {
        "start": { "line": 82, "column": 14 },
        "end": { "line": 82, "column": 17 }
      },
      "36": {
        "start": { "line": 83, "column": 4 },
        "end": { "line": 83, "column": 34 }
      },
      "37": {
        "start": { "line": 83, "column": 18 },
        "end": { "line": 83, "column": 34 }
      },
      "38": {
        "start": { "line": 84, "column": 4 },
        "end": { "line": 84, "column": 51 }
      },
      "39": {
        "start": { "line": 84, "column": 20 },
        "end": { "line": 84, "column": 51 }
      },
      "40": {
        "start": { "line": 85, "column": 4 },
        "end": { "line": 86, "column": 72 }
      },
      "41": {
        "start": { "line": 86, "column": 6 },
        "end": { "line": 86, "column": 72 }
      },
      "42": {
        "start": { "line": 87, "column": 4 },
        "end": { "line": 87, "column": 15 }
      },
      "43": {
        "start": { "line": 91, "column": 4 },
        "end": { "line": 94, "column": 8 }
      },
      "44": {
        "start": { "line": 91, "column": 29 },
        "end": { "line": 94, "column": 6 }
      },
      "45": {
        "start": { "line": 96, "column": 4 },
        "end": { "line": 100, "column": null }
      },
      "46": {
        "start": { "line": 97, "column": 6 },
        "end": { "line": 97, "column": 27 }
      },
      "47": {
        "start": { "line": 98, "column": 6 },
        "end": { "line": 98, "column": 21 }
      },
      "48": {
        "start": { "line": 99, "column": 6 },
        "end": { "line": 99, "column": 31 }
      },
      "49": {
        "start": { "line": 102, "column": 4 },
        "end": { "line": 102, "column": 34 }
      },
      "50": {
        "start": { "line": 103, "column": 4 },
        "end": { "line": 103, "column": 33 }
      },
      "51": {
        "start": { "line": 104, "column": 16 },
        "end": { "line": 104, "column": 25 }
      },
      "52": {
        "start": { "line": 106, "column": 4 },
        "end": { "line": 131, "column": 9 }
      },
      "53": {
        "start": { "line": 108, "column": 8 },
        "end": { "line": 110, "column": null }
      },
      "54": {
        "start": { "line": 109, "column": 10 },
        "end": { "line": 109, "column": 57 }
      },
      "55": {
        "start": { "line": 111, "column": 8 },
        "end": { "line": 111, "column": 31 }
      },
      "56": {
        "start": { "line": 114, "column": 8 },
        "end": { "line": 127, "column": null }
      },
      "57": {
        "start": { "line": 115, "column": 10 },
        "end": { "line": 118, "column": 14 }
      },
      "58": {
        "start": { "line": 115, "column": 35 },
        "end": { "line": 118, "column": 12 }
      },
      "59": {
        "start": { "line": 120, "column": 10 },
        "end": { "line": 120, "column": 65 }
      },
      "60": {
        "start": { "line": 121, "column": 10 },
        "end": { "line": 126, "column": 14 }
      },
      "61": {
        "start": { "line": 121, "column": 35 },
        "end": { "line": 126, "column": 12 }
      },
      "62": {
        "start": { "line": 130, "column": 8 },
        "end": { "line": 130, "column": 30 }
      },
      "63": {
        "start": { "line": 134, "column": 2 },
        "end": { "line": 136, "column": null }
      },
      "64": {
        "start": { "line": 135, "column": 4 },
        "end": { "line": 135, "column": 37 }
      },
      "65": {
        "start": { "line": 138, "column": 2 },
        "end": { "line": 142, "column": 4 }
      },
      "66": {
        "start": { "line": 144, "column": 24 },
        "end": { "line": 144, "column": 45 }
      }
    },
    "fnMap": {
      "0": {
        "name": "SearchResultsProvider",
        "decl": {
          "start": { "line": 16, "column": 9 },
          "end": { "line": 16, "column": 30 }
        },
        "loc": {
          "start": { "line": 16, "column": 57 },
          "end": { "line": 143, "column": 1 }
        }
      },
      "1": {
        "name": "changePagination",
        "decl": {
          "start": { "line": 38, "column": 11 },
          "end": { "line": 38, "column": 27 }
        },
        "loc": {
          "start": { "line": 38, "column": 39 },
          "end": { "line": 43, "column": 3 }
        }
      },
      "2": {
        "name": "setSearchQuery",
        "decl": {
          "start": { "line": 45, "column": 11 },
          "end": { "line": 45, "column": 25 }
        },
        "loc": {
          "start": { "line": 45, "column": 39 },
          "end": { "line": 52, "column": 3 }
        }
      },
      "3": {
        "name": "(anonymous_3)",
        "decl": {
          "start": { "line": 46, "column": 13 },
          "end": { "line": 46, "column": 14 }
        },
        "loc": {
          "start": { "line": 46, "column": 29 },
          "end": { "line": 49, "column": 6 }
        }
      },
      "4": {
        "name": "loadPage",
        "decl": {
          "start": { "line": 54, "column": 11 },
          "end": { "line": 54, "column": 19 }
        },
        "loc": {
          "start": { "line": 54, "column": 61 },
          "end": { "line": 69, "column": 3 }
        }
      },
      "5": {
        "name": "changeContext",
        "decl": {
          "start": { "line": 71, "column": 11 },
          "end": { "line": 71, "column": 24 }
        },
        "loc": {
          "start": { "line": 71, "column": 38 },
          "end": { "line": 79, "column": 3 }
        }
      },
      "6": {
        "name": "joinUrl",
        "decl": {
          "start": { "line": 81, "column": 11 },
          "end": { "line": 81, "column": 18 }
        },
        "loc": {
          "start": { "line": 81, "column": 18 },
          "end": { "line": 88, "column": 3 }
        }
      },
      "7": {
        "name": "getData",
        "decl": {
          "start": { "line": 90, "column": 11 },
          "end": { "line": 90, "column": 18 }
        },
        "loc": {
          "start": { "line": 90, "column": 47 },
          "end": { "line": 132, "column": 3 }
        }
      },
      "8": {
        "name": "(anonymous_8)",
        "decl": {
          "start": { "line": 91, "column": 13 },
          "end": { "line": 91, "column": 14 }
        },
        "loc": {
          "start": { "line": 91, "column": 29 },
          "end": { "line": 94, "column": 6 }
        }
      },
      "9": {
        "name": "(anonymous_9)",
        "decl": {
          "start": { "line": 107, "column": 12 },
          "end": { "line": 107, "column": 13 }
        },
        "loc": {
          "start": { "line": 107, "column": 25 },
          "end": { "line": 112, "column": 7 }
        }
      },
      "10": {
        "name": "(anonymous_10)",
        "decl": {
          "start": { "line": 113, "column": 12 },
          "end": { "line": 113, "column": 13 }
        },
        "loc": {
          "start": { "line": 113, "column": 66 },
          "end": { "line": 128, "column": 7 }
        }
      },
      "11": {
        "name": "(anonymous_11)",
        "decl": {
          "start": { "line": 115, "column": 19 },
          "end": { "line": 115, "column": 20 }
        },
        "loc": {
          "start": { "line": 115, "column": 35 },
          "end": { "line": 118, "column": 12 }
        }
      },
      "12": {
        "name": "(anonymous_12)",
        "decl": {
          "start": { "line": 121, "column": 19 },
          "end": { "line": 121, "column": 20 }
        },
        "loc": {
          "start": { "line": 121, "column": 35 },
          "end": { "line": 126, "column": 12 }
        }
      },
      "13": {
        "name": "(anonymous_13)",
        "decl": {
          "start": { "line": 129, "column": 13 },
          "end": { "line": 129, "column": 16 }
        },
        "loc": {
          "start": { "line": 129, "column": 18 },
          "end": { "line": 131, "column": 7 }
        }
      }
    },
    "branchMap": {
      "0": {
        "loc": {
          "start": { "line": 54, "column": 33 },
          "end": { "line": 54, "column": 61 }
        },
        "type": "default-arg",
        "locations": [
          {
            "start": { "line": 54, "column": 57 },
            "end": { "line": 54, "column": 61 }
          }
        ]
      },
      "1": {
        "loc": {
          "start": { "line": 56, "column": 4 },
          "end": { "line": 61, "column": null }
        },
        "type": "if",
        "locations": [
          {
            "start": { "line": 56, "column": 4 },
            "end": { "line": 61, "column": null }
          },
          {
            "start": { "line": 59, "column": 11 },
            "end": { "line": 61, "column": null }
          }
        ]
      },
      "2": {
        "loc": {
          "start": { "line": 64, "column": 6 },
          "end": { "line": 64, "column": 66 }
        },
        "type": "cond-expr",
        "locations": [
          {
            "start": { "line": 64, "column": 38 },
            "end": { "line": 64, "column": 60 }
          },
          {
            "start": { "line": 64, "column": 63 },
            "end": { "line": 64, "column": 66 }
          }
        ]
      },
      "3": {
        "loc": {
          "start": { "line": 64, "column": 6 },
          "end": { "line": 64, "column": 35 }
        },
        "type": "binary-expr",
        "locations": [
          {
            "start": { "line": 64, "column": 6 },
            "end": { "line": 64, "column": 22 }
          },
          {
            "start": { "line": 64, "column": 26 },
            "end": { "line": 64, "column": 35 }
          }
        ]
      },
      "4": {
        "loc": {
          "start": { "line": 72, "column": 4 },
          "end": { "line": 78, "column": null }
        },
        "type": "if",
        "locations": [
          {
            "start": { "line": 72, "column": 4 },
            "end": { "line": 78, "column": null }
          }
        ]
      },
      "5": {
        "loc": {
          "start": { "line": 83, "column": 4 },
          "end": { "line": 83, "column": 34 }
        },
        "type": "if",
        "locations": [
          {
            "start": { "line": 83, "column": 4 },
            "end": { "line": 83, "column": 34 }
          }
        ]
      },
      "6": {
        "loc": {
          "start": { "line": 84, "column": 4 },
          "end": { "line": 84, "column": 51 }
        },
        "type": "if",
        "locations": [
          {
            "start": { "line": 84, "column": 4 },
            "end": { "line": 84, "column": 51 }
          }
        ]
      },
      "7": {
        "loc": {
          "start": { "line": 85, "column": 4 },
          "end": { "line": 86, "column": 72 }
        },
        "type": "if",
        "locations": [
          {
            "start": { "line": 85, "column": 4 },
            "end": { "line": 86, "column": 72 }
          }
        ]
      },
      "8": {
        "loc": {
          "start": { "line": 86, "column": 13 },
          "end": { "line": 86, "column": 71 }
        },
        "type": "cond-expr",
        "locations": [
          {
            "start": { "line": 86, "column": 26 },
            "end": { "line": 86, "column": 47 }
          },
          {
            "start": { "line": 86, "column": 50 },
            "end": { "line": 86, "column": 71 }
          }
        ]
      },
      "9": {
        "loc": {
          "start": { "line": 96, "column": 4 },
          "end": { "line": 100, "column": null }
        },
        "type": "if",
        "locations": [
          {
            "start": { "line": 96, "column": 4 },
            "end": { "line": 100, "column": null }
          }
        ]
      },
      "10": {
        "loc": {
          "start": { "line": 102, "column": 17 },
          "end": { "line": 102, "column": 33 }
        },
        "type": "cond-expr",
        "locations": [
          {
            "start": { "line": 102, "column": 24 },
            "end": { "line": 102, "column": 28 }
          },
          {
            "start": { "line": 102, "column": 31 },
            "end": { "line": 102, "column": 33 }
          }
        ]
      },
      "11": {
        "loc": {
          "start": { "line": 103, "column": 17 },
          "end": { "line": 103, "column": 32 }
        },
        "type": "cond-expr",
        "locations": [
          {
            "start": { "line": 103, "column": 24 },
            "end": { "line": 103, "column": 28 }
          },
          {
            "start": { "line": 103, "column": 31 },
            "end": { "line": 103, "column": 32 }
          }
        ]
      },
      "12": {
        "loc": {
          "start": { "line": 108, "column": 8 },
          "end": { "line": 110, "column": null }
        },
        "type": "if",
        "locations": [
          {
            "start": { "line": 108, "column": 8 },
            "end": { "line": 110, "column": null }
          }
        ]
      },
      "13": {
        "loc": {
          "start": { "line": 114, "column": 8 },
          "end": { "line": 127, "column": null }
        },
        "type": "if",
        "locations": [
          {
            "start": { "line": 114, "column": 8 },
            "end": { "line": 127, "column": null }
          },
          {
            "start": { "line": 119, "column": 15 },
            "end": { "line": 127, "column": null }
          }
        ]
      },
      "14": {
        "loc": {
          "start": { "line": 134, "column": 2 },
          "end": { "line": 136, "column": null }
        },
        "type": "if",
        "locations": [
          {
            "start": { "line": 134, "column": 2 },
            "end": { "line": 136, "column": null }
          }
        ]
      }
    },
    "s": {
      "0": 2,
      "1": 2,
      "2": 2,
      "3": 2,
      "4": 4,
      "5": 0,
      "6": 0,
      "7": 0,
      "8": 0,
      "9": 0,
      "10": 0,
      "11": 0,
      "12": 0,
      "13": 0,
      "14": 0,
      "15": 0,
      "16": 0,
      "17": 0,
      "18": 0,
      "19": 0,
      "20": 0,
      "21": 0,
      "22": 0,
      "23": 0,
      "24": 0,
      "25": 0,
      "26": 0,
      "27": 0,
      "28": 0,
      "29": 0,
      "30": 0,
      "31": 0,
      "32": 0,
      "33": 0,
      "34": 0,
      "35": 0,
      "36": 0,
      "37": 0,
      "38": 0,
      "39": 0,
      "40": 0,
      "41": 0,
      "42": 0,
      "43": 0,
      "44": 0,
      "45": 0,
      "46": 0,
      "47": 0,
      "48": 0,
      "49": 0,
      "50": 0,
      "51": 0,
      "52": 0,
      "53": 0,
      "54": 0,
      "55": 0,
      "56": 0,
      "57": 0,
      "58": 0,
      "59": 0,
      "60": 0,
      "61": 0,
      "62": 0,
      "63": 0,
      "64": 0,
      "65": 0,
      "66": 2
    },
    "f": {
      "0": 4,
      "1": 0,
      "2": 0,
      "3": 0,
      "4": 0,
      "5": 0,
      "6": 0,
      "7": 0,
      "8": 0,
      "9": 0,
      "10": 0,
      "11": 0,
      "12": 0,
      "13": 0
    },
    "b": {
      "0": [0],
      "1": [0, 0],
      "2": [0, 0],
      "3": [0, 0],
      "4": [0],
      "5": [0],
      "6": [0],
      "7": [0],
      "8": [0, 0],
      "9": [0],
      "10": [0, 0],
      "11": [0, 0],
      "12": [0],
      "13": [0, 0],
      "14": [0]
    }
  },
  "/Users/dmitrijivasenko/Desktop/ОБУЧЕНИЕ/React/react-learning/my-react-app/src/tests/mocks/styleMock.ts": {
    "path": "/Users/dmitrijivasenko/Desktop/ОБУЧЕНИЕ/React/react-learning/my-react-app/src/tests/mocks/styleMock.ts",
    "statementMap": {
      "0": {
        "start": { "line": 1, "column": 0 },
        "end": { "line": 4, "column": 2 }
      }
    },
    "fnMap": {},
    "branchMap": {},
    "s": { "0": 2 },
    "f": {},
    "b": {}
  }
}
