{"/Users/dmitrijivasenko/Desktop/ОБУЧЕНИЕ/React/react-learning/my-react-app/src/App.tsx": {"path":"/Users/dmitrijivasenko/Desktop/ОБУЧЕНИЕ/React/react-learning/my-react-app/src/App.tsx","statementMap":{"0":{"start":{"line":1,"column":0},"end":{"line":1,"column":19}},"1":{"start":{"line":2,"column":0},"end":{"line":2,"column":59}},"2":{"start":{"line":3,"column":0},"end":{"line":3,"column":54}},"3":{"start":{"line":4,"column":0},"end":{"line":4,"column":66}},"4":{"start":{"line":7,"column":2},"end":{"line":15,"column":4}},"5":{"start":{"line":6,"column":0},"end":{"line":6,"column":24}}},"fnMap":{"0":{"name":"App","decl":{"start":{"line":6,"column":24},"end":{"line":6,"column":27}},"loc":{"start":{"line":6,"column":27},"end":{"line":16,"column":1}}}},"branchMap":{},"s":{"0":1,"1":1,"2":1,"3":1,"4":1,"5":1},"f":{"0":1},"b":{}}
,"/Users/dmitrijivasenko/Desktop/ОБУЧЕНИЕ/React/react-learning/my-react-app/src/components/categories/categories.tsx": {"path":"/Users/dmitrijivasenko/Desktop/ОБУЧЕНИЕ/React/react-learning/my-react-app/src/components/categories/categories.tsx","statementMap":{"0":{"start":{"line":1,"column":0},"end":{"line":1,"column":51}},"1":{"start":{"line":2,"column":0},"end":{"line":2,"column":38}},"2":{"start":{"line":3,"column":0},"end":{"line":3,"column":27}},"3":{"start":{"line":4,"column":0},"end":{"line":4,"column":51}},"4":{"start":{"line":15,"column":37},"end":{"line":15,"column":57}},"5":{"start":{"line":16,"column":33},"end":{"line":16,"column":35}},"6":{"start":{"line":17,"column":2},"end":{"line":23,"column":5}},"7":{"start":{"line":18,"column":31},"end":{"line":21,"column":6}},"8":{"start":{"line":22,"column":4},"end":{"line":22,"column":30}},"9":{"start":{"line":24,"column":2},"end":{"line":24,"column":20}},"10":{"start":{"line":28,"column":33},"end":{"line":28,"column":48}},"11":{"start":{"line":29,"column":31},"end":{"line":34,"column":4}},"12":{"start":{"line":36,"column":2},"end":{"line":53,"column":9}},"13":{"start":{"line":37,"column":4},"end":{"line":52,"column":9}},"14":{"start":{"line":38,"column":6},"end":{"line":38,"column":22}},"15":{"start":{"line":39,"column":6},"end":{"line":51,"column":11}},"16":{"start":{"line":41,"column":10},"end":{"line":43,"column":null}},"17":{"start":{"line":42,"column":12},"end":{"line":42,"column":59}},"18":{"start":{"line":44,"column":10},"end":{"line":44,"column":33}},"19":{"start":{"line":47,"column":10},"end":{"line":47,"column":27}},"20":{"start":{"line":48,"column":10},"end":{"line":48,"column":44}},"21":{"start":{"line":48,"column":37},"end":{"line":48,"column":44}},"22":{"start":{"line":49,"column":29},"end":{"line":49,"column":46}},"23":{"start":{"line":50,"column":10},"end":{"line":50,"column":29}},"24":{"start":{"line":55,"column":2},"end":{"line":72,"column":4}},"25":{"start":{"line":63,"column":12},"end":{"line":66,"column":null}},"26":{"start":{"line":27,"column":0},"end":{"line":27,"column":24}}},"fnMap":{"0":{"name":"createArray","decl":{"start":{"line":12,"column":9},"end":{"line":12,"column":20}},"loc":{"start":{"line":13,"column":51},"end":{"line":25,"column":1}}},"1":{"name":"(anonymous_2)","decl":{"start":{"line":17,"column":16},"end":{"line":17,"column":17}},"loc":{"start":{"line":17,"column":23},"end":{"line":23,"column":3}}},"2":{"name":"Categories","decl":{"start":{"line":27,"column":24},"end":{"line":27,"column":34}},"loc":{"start":{"line":27,"column":34},"end":{"line":73,"column":1}}},"3":{"name":"(anonymous_4)","decl":{"start":{"line":36,"column":12},"end":{"line":36,"column":15}},"loc":{"start":{"line":36,"column":17},"end":{"line":53,"column":3}}},"4":{"name":"getData","decl":{"start":{"line":37,"column":14},"end":{"line":37,"column":21}},"loc":{"start":{"line":37,"column":21},"end":{"line":52,"column":5}}},"5":{"name":"(anonymous_6)","decl":{"start":{"line":40,"column":14},"end":{"line":40,"column":15}},"loc":{"start":{"line":40,"column":27},"end":{"line":45,"column":9}}},"6":{"name":"(anonymous_7)","decl":{"start":{"line":46,"column":14},"end":{"line":46,"column":15}},"loc":{"start":{"line":46,"column":68},"end":{"line":51,"column":9}}},"7":{"name":"(anonymous_8)","decl":{"start":{"line":62,"column":10},"end":{"line":62,"column":11}},"loc":{"start":{"line":63,"column":12},"end":{"line":66,"column":null}}}},"branchMap":{"0":{"loc":{"start":{"line":41,"column":10},"end":{"line":43,"column":null}},"type":"if","locations":[{"start":{"line":41,"column":10},"end":{"line":43,"column":null}}]},"1":{"loc":{"start":{"line":48,"column":10},"end":{"line":48,"column":44}},"type":"if","locations":[{"start":{"line":48,"column":10},"end":{"line":48,"column":44}}]},"2":{"loc":{"start":{"line":55,"column":9},"end":{"line":71,"column":null}},"type":"cond-expr","locations":[{"start":{"line":56,"column":4},"end":{"line":56,"column":14}},{"start":{"line":58,"column":4},"end":{"line":70,"column":null}}]},"3":{"loc":{"start":{"line":63,"column":12},"end":{"line":66,"column":null}},"type":"binary-expr","locations":[{"start":{"line":63,"column":12},"end":{"line":63,"column":26}},{"start":{"line":64,"column":14},"end":{"line":64,"column":52}}]}},"s":{"0":1,"1":1,"2":1,"3":1,"4":1,"5":1,"6":1,"7":6,"8":6,"9":1,"10":3,"11":3,"12":3,"13":1,"14":1,"15":1,"16":1,"17":0,"18":1,"19":1,"20":1,"21":0,"22":1,"23":1,"24":3,"25":7,"26":1},"f":{"0":1,"1":6,"2":3,"3":1,"4":1,"5":1,"6":1,"7":7},"b":{"0":[0],"1":[0],"2":[1,2],"3":[7,6]}}
,"/Users/dmitrijivasenko/Desktop/ОБУЧЕНИЕ/React/react-learning/my-react-app/src/components/details/details.tsx": {"path":"/Users/dmitrijivasenko/Desktop/ОБУЧЕНИЕ/React/react-learning/my-react-app/src/components/details/details.tsx","statementMap":{"0":{"start":{"line":1,"column":0},"end":{"line":1,"column":24}},"1":{"start":{"line":2,"column":0},"end":{"line":2,"column":52}},"2":{"start":{"line":4,"column":0},"end":{"line":4,"column":74}},"3":{"start":{"line":5,"column":0},"end":{"line":5,"column":38}},"4":{"start":{"line":13,"column":14},"end":{"line":13,"column":42}},"5":{"start":{"line":14,"column":40},"end":{"line":14,"column":69}},"6":{"start":{"line":15,"column":33},"end":{"line":15,"column":48}},"7":{"start":{"line":16,"column":48},"end":{"line":16,"column":66}},"8":{"start":{"line":18,"column":19},"end":{"line":18,"column":32}},"9":{"start":{"line":20,"column":2},"end":{"line":44,"column":16}},"10":{"start":{"line":21,"column":4},"end":{"line":23,"column":null}},"11":{"start":{"line":22,"column":6},"end":{"line":22,"column":13}},"12":{"start":{"line":25,"column":4},"end":{"line":43,"column":9}},"13":{"start":{"line":26,"column":6},"end":{"line":26,"column":22}},"14":{"start":{"line":27,"column":6},"end":{"line":42,"column":11}},"15":{"start":{"line":29,"column":10},"end":{"line":31,"column":null}},"16":{"start":{"line":30,"column":12},"end":{"line":30,"column":59}},"17":{"start":{"line":32,"column":10},"end":{"line":32,"column":33}},"18":{"start":{"line":35,"column":10},"end":{"line":35,"column":27}},"19":{"start":{"line":36,"column":10},"end":{"line":36,"column":27}},"20":{"start":{"line":39,"column":10},"end":{"line":39,"column":25}},"21":{"start":{"line":40,"column":10},"end":{"line":40,"column":27}},"22":{"start":{"line":41,"column":10},"end":{"line":41,"column":31}},"23":{"start":{"line":47,"column":17},"end":{"line":47,"column":37}},"24":{"start":{"line":48,"column":4},"end":{"line":48,"column":25}},"25":{"start":{"line":52,"column":15},"end":{"line":52,"column":27}},"26":{"start":{"line":53,"column":17},"end":{"line":53,"column":38}},"27":{"start":{"line":54,"column":23},"end":{"line":54,"column":46}},"28":{"start":{"line":55,"column":4},"end":{"line":57,"column":null}},"29":{"start":{"line":56,"column":6},"end":{"line":56,"column":26}},"30":{"start":{"line":60,"column":2},"end":{"line":85,"column":4}},"31":{"start":{"line":73,"column":18},"end":{"line":77,"column":null}},"32":{"start":{"line":12,"column":0},"end":{"line":12,"column":24}}},"fnMap":{"0":{"name":"Details","decl":{"start":{"line":12,"column":24},"end":{"line":12,"column":31}},"loc":{"start":{"line":12,"column":31},"end":{"line":86,"column":1}}},"1":{"name":"(anonymous_2)","decl":{"start":{"line":20,"column":12},"end":{"line":20,"column":15}},"loc":{"start":{"line":20,"column":17},"end":{"line":44,"column":3}}},"2":{"name":"getData","decl":{"start":{"line":25,"column":14},"end":{"line":25,"column":21}},"loc":{"start":{"line":25,"column":21},"end":{"line":43,"column":5}}},"3":{"name":"(anonymous_4)","decl":{"start":{"line":28,"column":14},"end":{"line":28,"column":15}},"loc":{"start":{"line":28,"column":27},"end":{"line":33,"column":9}}},"4":{"name":"(anonymous_5)","decl":{"start":{"line":34,"column":14},"end":{"line":34,"column":15}},"loc":{"start":{"line":34,"column":68},"end":{"line":37,"column":9}}},"5":{"name":"(anonymous_6)","decl":{"start":{"line":38,"column":15},"end":{"line":38,"column":16}},"loc":{"start":{"line":38,"column":21},"end":{"line":42,"column":9}}},"6":{"name":"formatData","decl":{"start":{"line":46,"column":11},"end":{"line":46,"column":21}},"loc":{"start":{"line":46,"column":71},"end":{"line":49,"column":3}}},"7":{"name":"handleClickOutside","decl":{"start":{"line":51,"column":11},"end":{"line":51,"column":29}},"loc":{"start":{"line":51,"column":29},"end":{"line":58,"column":3}}},"8":{"name":"(anonymous_9)","decl":{"start":{"line":72,"column":16},"end":{"line":72,"column":17}},"loc":{"start":{"line":73,"column":18},"end":{"line":77,"column":null}}}},"branchMap":{"0":{"loc":{"start":{"line":21,"column":4},"end":{"line":23,"column":null}},"type":"if","locations":[{"start":{"line":21,"column":4},"end":{"line":23,"column":null}}]},"1":{"loc":{"start":{"line":29,"column":10},"end":{"line":31,"column":null}},"type":"if","locations":[{"start":{"line":29,"column":10},"end":{"line":31,"column":null}}]},"2":{"loc":{"start":{"line":54,"column":23},"end":{"line":54,"column":46}},"type":"binary-expr","locations":[{"start":{"line":54,"column":23},"end":{"line":54,"column":25}},{"start":{"line":54,"column":29},"end":{"line":54,"column":46}}]},"3":{"loc":{"start":{"line":55,"column":4},"end":{"line":57,"column":null}},"type":"if","locations":[{"start":{"line":55,"column":4},"end":{"line":57,"column":null}}]},"4":{"loc":{"start":{"line":63,"column":9},"end":{"line":81,"column":null}},"type":"cond-expr","locations":[{"start":{"line":64,"column":10},"end":{"line":64,"column":20}},{"start":{"line":66,"column":10},"end":{"line":80,"column":null}}]},"5":{"loc":{"start":{"line":73,"column":18},"end":{"line":77,"column":null}},"type":"binary-expr","locations":[{"start":{"line":73,"column":18},"end":{"line":73,"column":43}},{"start":{"line":74,"column":20},"end":{"line":74,"column":null}}]}},"s":{"0":1,"1":1,"2":1,"3":1,"4":11,"5":11,"6":11,"7":11,"8":11,"9":11,"10":4,"11":1,"12":3,"13":3,"14":3,"15":3,"16":1,"17":2,"18":2,"19":2,"20":1,"21":1,"22":1,"23":2,"24":2,"25":1,"26":1,"27":1,"28":1,"29":1,"30":11,"31":27,"32":1},"f":{"0":11,"1":4,"2":3,"3":3,"4":2,"5":1,"6":2,"7":1,"8":27},"b":{"0":[1],"1":[1],"2":[1,1],"3":[1],"4":[3,8],"5":[27,27]}}
,"/Users/dmitrijivasenko/Desktop/ОБУЧЕНИЕ/React/react-learning/my-react-app/src/components/error-button/error-button.tsx": {"path":"/Users/dmitrijivasenko/Desktop/ОБУЧЕНИЕ/React/react-learning/my-react-app/src/components/error-button/error-button.tsx","statementMap":{"0":{"start":{"line":1,"column":0},"end":{"line":1,"column":29}},"1":{"start":{"line":2,"column":0},"end":{"line":2,"column":40}},"2":{"start":{"line":5,"column":27},"end":{"line":5,"column":42}},"3":{"start":{"line":7,"column":2},"end":{"line":9,"column":null}},"4":{"start":{"line":8,"column":4},"end":{"line":8,"column":57}},"5":{"start":{"line":10,"column":2},"end":{"line":14,"column":4}},"6":{"start":{"line":12,"column":29},"end":{"line":12,"column":44}},"7":{"start":{"line":4,"column":0},"end":{"line":4,"column":24}}},"fnMap":{"0":{"name":"ErrorButton","decl":{"start":{"line":4,"column":24},"end":{"line":4,"column":35}},"loc":{"start":{"line":4,"column":35},"end":{"line":15,"column":1}}},"1":{"name":"(anonymous_1)","decl":{"start":{"line":12,"column":23},"end":{"line":12,"column":26}},"loc":{"start":{"line":12,"column":29},"end":{"line":12,"column":44}}}},"branchMap":{"0":{"loc":{"start":{"line":7,"column":2},"end":{"line":9,"column":null}},"type":"if","locations":[{"start":{"line":7,"column":2},"end":{"line":9,"column":null}}]}},"s":{"0":1,"1":1,"2":1,"3":1,"4":0,"5":1,"6":0,"7":1},"f":{"0":1,"1":0},"b":{"0":[0]}}
,"/Users/dmitrijivasenko/Desktop/ОБУЧЕНИЕ/React/react-learning/my-react-app/src/components/header/header.tsx": {"path":"/Users/dmitrijivasenko/Desktop/ОБУЧЕНИЕ/React/react-learning/my-react-app/src/components/header/header.tsx","statementMap":{"0":{"start":{"line":1,"column":0},"end":{"line":1,"column":23}},"1":{"start":{"line":2,"column":0},"end":{"line":2,"column":38}},"2":{"start":{"line":3,"column":0},"end":{"line":3,"column":55}},"3":{"start":{"line":6,"column":2},"end":{"line":11,"column":4}},"4":{"start":{"line":5,"column":0},"end":{"line":5,"column":24}}},"fnMap":{"0":{"name":"Header","decl":{"start":{"line":5,"column":24},"end":{"line":5,"column":30}},"loc":{"start":{"line":5,"column":30},"end":{"line":12,"column":1}}}},"branchMap":{},"s":{"0":1,"1":1,"2":1,"3":1,"4":1},"f":{"0":1},"b":{}}
,"/Users/dmitrijivasenko/Desktop/ОБУЧЕНИЕ/React/react-learning/my-react-app/src/components/loader/loader.tsx": {"path":"/Users/dmitrijivasenko/Desktop/ОБУЧЕНИЕ/React/react-learning/my-react-app/src/components/loader/loader.tsx","statementMap":{"0":{"start":{"line":1,"column":0},"end":{"line":1,"column":23}},"1":{"start":{"line":4,"column":2},"end":{"line":4,"column":54}},"2":{"start":{"line":3,"column":0},"end":{"line":3,"column":24}}},"fnMap":{"0":{"name":"Loader","decl":{"start":{"line":3,"column":24},"end":{"line":3,"column":30}},"loc":{"start":{"line":3,"column":30},"end":{"line":5,"column":1}}}},"branchMap":{},"s":{"0":3,"1":6,"2":3},"f":{"0":6},"b":{}}
,"/Users/dmitrijivasenko/Desktop/ОБУЧЕНИЕ/React/react-learning/my-react-app/src/components/main-block/main-block.tsx": {"path":"/Users/dmitrijivasenko/Desktop/ОБУЧЕНИЕ/React/react-learning/my-react-app/src/components/main-block/main-block.tsx","statementMap":{"0":{"start":{"line":1,"column":0},"end":{"line":1,"column":27}},"1":{"start":{"line":2,"column":0},"end":{"line":2,"column":38}},"2":{"start":{"line":5,"column":2},"end":{"line":9,"column":4}},"3":{"start":{"line":4,"column":0},"end":{"line":4,"column":24}}},"fnMap":{"0":{"name":"MainBlock","decl":{"start":{"line":4,"column":24},"end":{"line":4,"column":33}},"loc":{"start":{"line":4,"column":33},"end":{"line":10,"column":1}}}},"branchMap":{},"s":{"0":1,"1":1,"2":1,"3":1},"f":{"0":1},"b":{}}
,"/Users/dmitrijivasenko/Desktop/ОБУЧЕНИЕ/React/react-learning/my-react-app/src/components/results/results.tsx": {"path":"/Users/dmitrijivasenko/Desktop/ОБУЧЕНИЕ/React/react-learning/my-react-app/src/components/results/results.tsx","statementMap":{"0":{"start":{"line":1,"column":0},"end":{"line":1,"column":56}},"1":{"start":{"line":2,"column":0},"end":{"line":2,"column":24}},"2":{"start":{"line":3,"column":0},"end":{"line":3,"column":62}},"3":{"start":{"line":4,"column":0},"end":{"line":4,"column":75}},"4":{"start":{"line":6,"column":0},"end":{"line":6,"column":38}},"5":{"start":{"line":7,"column":0},"end":{"line":7,"column":38}},"6":{"start":{"line":14,"column":18},"end":{"line":14,"column":63}},"7":{"start":{"line":15,"column":19},"end":{"line":15,"column":32}},"8":{"start":{"line":17,"column":24},"end":{"line":17,"column":64}},"9":{"start":{"line":18,"column":34},"end":{"line":18,"column":60}},"10":{"start":{"line":19,"column":17},"end":{"line":19,"column":28}},"11":{"start":{"line":22,"column":19},"end":{"line":22,"column":52}},"12":{"start":{"line":23,"column":4},"end":{"line":23,"column":31}},"13":{"start":{"line":24,"column":4},"end":{"line":24,"column":51}},"14":{"start":{"line":25,"column":4},"end":{"line":25,"column":51}},"15":{"start":{"line":28,"column":2},"end":{"line":33,"column":12}},"16":{"start":{"line":29,"column":4},"end":{"line":32,"column":null}},"17":{"start":{"line":30,"column":6},"end":{"line":30,"column":39}},"18":{"start":{"line":31,"column":6},"end":{"line":31,"column":36}},"19":{"start":{"line":35,"column":2},"end":{"line":37,"column":null}},"20":{"start":{"line":36,"column":4},"end":{"line":36,"column":16}},"21":{"start":{"line":39,"column":19},"end":{"line":39,"column":21}},"22":{"start":{"line":40,"column":16},"end":{"line":40,"column":35}},"23":{"start":{"line":41,"column":20},"end":{"line":41,"column":43}},"24":{"start":{"line":43,"column":2},"end":{"line":49,"column":null}},"25":{"start":{"line":43,"column":15},"end":{"line":43,"column":16}},"26":{"start":{"line":44,"column":4},"end":{"line":48,"column":6}},"27":{"start":{"line":45,"column":27},"end":{"line":45,"column":52}},"28":{"start":{"line":51,"column":2},"end":{"line":57,"column":null}},"29":{"start":{"line":52,"column":4},"end":{"line":56,"column":6}},"30":{"start":{"line":59,"column":22},"end":{"line":60,"column":null}},"31":{"start":{"line":60,"column":14},"end":{"line":60,"column":44}},"32":{"start":{"line":63,"column":2},"end":{"line":97,"column":4}},"33":{"start":{"line":71,"column":16},"end":{"line":71,"column":null}},"34":{"start":{"line":85,"column":16},"end":{"line":85,"column":34}},"35":{"start":{"line":13,"column":0},"end":{"line":13,"column":24}}},"fnMap":{"0":{"name":"Results","decl":{"start":{"line":13,"column":24},"end":{"line":13,"column":31}},"loc":{"start":{"line":13,"column":53},"end":{"line":98,"column":1}}},"1":{"name":"handleChange","decl":{"start":{"line":21,"column":11},"end":{"line":21,"column":23}},"loc":{"start":{"line":21,"column":67},"end":{"line":26,"column":3}}},"2":{"name":"(anonymous_3)","decl":{"start":{"line":28,"column":12},"end":{"line":28,"column":15}},"loc":{"start":{"line":28,"column":17},"end":{"line":33,"column":3}}},"3":{"name":"(anonymous_4)","decl":{"start":{"line":45,"column":21},"end":{"line":45,"column":24}},"loc":{"start":{"line":45,"column":27},"end":{"line":45,"column":52}}},"4":{"name":"(anonymous_5)","decl":{"start":{"line":60,"column":4},"end":{"line":60,"column":5}},"loc":{"start":{"line":60,"column":14},"end":{"line":60,"column":44}}},"5":{"name":"(anonymous_6)","decl":{"start":{"line":70,"column":14},"end":{"line":70,"column":15}},"loc":{"start":{"line":71,"column":16},"end":{"line":71,"column":null}}},"6":{"name":"(anonymous_7)","decl":{"start":{"line":84,"column":27},"end":{"line":84,"column":28}},"loc":{"start":{"line":85,"column":16},"end":{"line":85,"column":34}}}},"branchMap":{"0":{"loc":{"start":{"line":29,"column":4},"end":{"line":32,"column":null}},"type":"if","locations":[{"start":{"line":29,"column":4},"end":{"line":32,"column":null}}]},"1":{"loc":{"start":{"line":35,"column":2},"end":{"line":37,"column":null}},"type":"if","locations":[{"start":{"line":35,"column":2},"end":{"line":37,"column":null}}]},"2":{"loc":{"start":{"line":51,"column":2},"end":{"line":57,"column":null}},"type":"if","locations":[{"start":{"line":51,"column":2},"end":{"line":57,"column":null}}]},"3":{"loc":{"start":{"line":60,"column":14},"end":{"line":60,"column":44}},"type":"binary-expr","locations":[{"start":{"line":60,"column":14},"end":{"line":60,"column":30}},{"start":{"line":60,"column":34},"end":{"line":60,"column":44}}]},"4":{"loc":{"start":{"line":68,"column":11},"end":{"line":76,"column":null}},"type":"binary-expr","locations":[{"start":{"line":68,"column":11},"end":{"line":68,"column":32}},{"start":{"line":69,"column":12},"end":{"line":76,"column":null}}]},"5":{"loc":{"start":{"line":72,"column":34},"end":{"line":72,"column":57}},"type":"binary-expr","locations":[{"start":{"line":72,"column":34},"end":{"line":72,"column":43}},{"start":{"line":72,"column":47},"end":{"line":72,"column":57}}]},"6":{"loc":{"start":{"line":73,"column":25},"end":{"line":73,"column":59}},"type":"cond-expr","locations":[{"start":{"line":73,"column":37},"end":{"line":73,"column":46}},{"start":{"line":73,"column":49},"end":{"line":73,"column":59}}]},"7":{"loc":{"start":{"line":79,"column":9},"end":{"line":91,"column":null}},"type":"cond-expr","locations":[{"start":{"line":80,"column":10},"end":{"line":80,"column":12}},{"start":{"line":82,"column":10},"end":{"line":90,"column":null}}]}},"s":{"0":1,"1":1,"2":1,"3":1,"4":1,"5":1,"6":2,"7":2,"8":2,"9":2,"10":2,"11":0,"12":0,"13":0,"14":0,"15":2,"16":2,"17":1,"18":1,"19":2,"20":1,"21":1,"22":1,"23":1,"24":1,"25":1,"26":2,"27":1,"28":1,"29":0,"30":1,"31":10,"32":1,"33":10,"34":3,"35":1},"f":{"0":2,"1":0,"2":2,"3":1,"4":10,"5":10,"6":3},"b":{"0":[1],"1":[1],"2":[0],"3":[10,10],"4":[1,1],"5":[10,0],"6":[10,0],"7":[0,1]}}
,"/Users/dmitrijivasenko/Desktop/ОБУЧЕНИЕ/React/react-learning/my-react-app/src/components/search/search.tsx": {"path":"/Users/dmitrijivasenko/Desktop/ОБУЧЕНИЕ/React/react-learning/my-react-app/src/components/search/search.tsx","statementMap":{"0":{"start":{"line":1,"column":0},"end":{"line":1,"column":56}},"1":{"start":{"line":3,"column":0},"end":{"line":3,"column":62}},"2":{"start":{"line":4,"column":0},"end":{"line":4,"column":23}},"3":{"start":{"line":7,"column":2},"end":{"line":13,"column":4}},"4":{"start":{"line":6,"column":0},"end":{"line":6,"column":16}},"5":{"start":{"line":17,"column":18},"end":{"line":17,"column":58}},"6":{"start":{"line":18,"column":28},"end":{"line":18,"column":79}},"7":{"start":{"line":20,"column":2},"end":{"line":22,"column":23}},"8":{"start":{"line":21,"column":4},"end":{"line":21,"column":35}},"9":{"start":{"line":25,"column":4},"end":{"line":25,"column":33}},"10":{"start":{"line":29,"column":4},"end":{"line":29,"column":54}},"11":{"start":{"line":30,"column":4},"end":{"line":30,"column":35}},"12":{"start":{"line":31,"column":4},"end":{"line":33,"column":null}},"13":{"start":{"line":32,"column":6},"end":{"line":32,"column":29}},"14":{"start":{"line":36,"column":2},"end":{"line":51,"column":4}},"15":{"start":{"line":16,"column":0},"end":{"line":16,"column":24}}},"fnMap":{"0":{"name":"MyButton","decl":{"start":{"line":6,"column":16},"end":{"line":6,"column":24}},"loc":{"start":{"line":6,"column":49},"end":{"line":14,"column":1}}},"1":{"name":"Search","decl":{"start":{"line":16,"column":24},"end":{"line":16,"column":30}},"loc":{"start":{"line":16,"column":30},"end":{"line":52,"column":1}}},"2":{"name":"(anonymous_2)","decl":{"start":{"line":20,"column":12},"end":{"line":20,"column":15}},"loc":{"start":{"line":20,"column":17},"end":{"line":22,"column":3}}},"3":{"name":"handleUserInput","decl":{"start":{"line":24,"column":11},"end":{"line":24,"column":26}},"loc":{"start":{"line":24,"column":69},"end":{"line":26,"column":3}}},"4":{"name":"handleSearchClick","decl":{"start":{"line":28,"column":11},"end":{"line":28,"column":28}},"loc":{"start":{"line":28,"column":28},"end":{"line":34,"column":3}}}},"branchMap":{"0":{"loc":{"start":{"line":18,"column":37},"end":{"line":18,"column":78}},"type":"binary-expr","locations":[{"start":{"line":18,"column":37},"end":{"line":18,"column":72}},{"start":{"line":18,"column":76},"end":{"line":18,"column":78}}]},"1":{"loc":{"start":{"line":21,"column":13},"end":{"line":21,"column":33}},"type":"binary-expr","locations":[{"start":{"line":21,"column":13},"end":{"line":21,"column":27}},{"start":{"line":21,"column":31},"end":{"line":21,"column":33}}]},"2":{"loc":{"start":{"line":31,"column":4},"end":{"line":33,"column":null}},"type":"if","locations":[{"start":{"line":31,"column":4},"end":{"line":33,"column":null}}]}},"s":{"0":2,"1":2,"2":2,"3":6,"4":2,"5":7,"6":7,"7":7,"8":5,"9":1,"10":1,"11":1,"12":1,"13":0,"14":7,"15":2},"f":{"0":6,"1":7,"2":5,"3":1,"4":1},"b":{"0":[7,7],"1":[5,5],"2":[0]}}
,"/Users/dmitrijivasenko/Desktop/ОБУЧЕНИЕ/React/react-learning/my-react-app/src/services/error-boundary.tsx": {"path":"/Users/dmitrijivasenko/Desktop/ОБУЧЕНИЕ/React/react-learning/my-react-app/src/services/error-boundary.tsx","statementMap":{"0":{"start":{"line":1,"column":0},"end":{"line":1,"column":52}},"1":{"start":{"line":13,"column":4},"end":{"line":13,"column":17}},"2":{"start":{"line":14,"column":4},"end":{"line":14,"column":37}},"3":{"start":{"line":18,"column":4},"end":{"line":24,"column":null}},"4":{"start":{"line":19,"column":6},"end":{"line":23,"column":8}},"5":{"start":{"line":26,"column":4},"end":{"line":26,"column":31}},"6":{"start":{"line":30,"column":0},"end":{"line":30,"column":29}}},"fnMap":{"0":{"name":"(anonymous_0)","decl":{"start":{"line":12,"column":2},"end":{"line":12,"column":14}},"loc":{"start":{"line":12,"column":39},"end":{"line":15,"column":3}}},"1":{"name":"(anonymous_1)","decl":{"start":{"line":17,"column":2},"end":{"line":17,"column":8}},"loc":{"start":{"line":17,"column":8},"end":{"line":27,"column":3}}}},"branchMap":{"0":{"loc":{"start":{"line":18,"column":4},"end":{"line":24,"column":null}},"type":"if","locations":[{"start":{"line":18,"column":4},"end":{"line":24,"column":null}}]}},"s":{"0":1,"1":1,"2":1,"3":1,"4":0,"5":1,"6":1},"f":{"0":1,"1":1},"b":{"0":[0]}}
,"/Users/dmitrijivasenko/Desktop/ОБУЧЕНИЕ/React/react-learning/my-react-app/src/services/search-context.tsx": {"path":"/Users/dmitrijivasenko/Desktop/ОБУЧЕНИЕ/React/react-learning/my-react-app/src/services/search-context.tsx","statementMap":{"0":{"start":{"line":1,"column":0},"end":{"line":1,"column":66}},"1":{"start":{"line":13,"column":22},"end":{"line":13,"column":73}},"2":{"start":{"line":136,"column":9},"end":{"line":136,"column":22}},"3":{"start":{"line":16,"column":36},"end":{"line":27,"column":4}},"4":{"start":{"line":29,"column":27},"end":{"line":29,"column":28}},"5":{"start":{"line":30,"column":14},"end":{"line":30,"column":38}},"6":{"start":{"line":31,"column":27},"end":{"line":31,"column":29}},"7":{"start":{"line":32,"column":17},"end":{"line":32,"column":19}},"8":{"start":{"line":33,"column":16},"end":{"line":33,"column":18}},"9":{"start":{"line":34,"column":57},"end":{"line":34,"column":59}},"10":{"start":{"line":37,"column":4},"end":{"line":37,"column":19}},"11":{"start":{"line":38,"column":4},"end":{"line":38,"column":25}},"12":{"start":{"line":39,"column":4},"end":{"line":39,"column":18}},"13":{"start":{"line":40,"column":4},"end":{"line":40,"column":23}},"14":{"start":{"line":44,"column":4},"end":{"line":47,"column":8}},"15":{"start":{"line":44,"column":29},"end":{"line":47,"column":6}},"16":{"start":{"line":51,"column":4},"end":{"line":51,"column":25}},"17":{"start":{"line":52,"column":4},"end":{"line":54,"column":null}},"18":{"start":{"line":53,"column":6},"end":{"line":53,"column":21}},"19":{"start":{"line":57,"column":6},"end":{"line":57,"column":66}},"20":{"start":{"line":58,"column":16},"end":{"line":58,"column":43}},"21":{"start":{"line":59,"column":4},"end":{"line":61,"column":null}},"22":{"start":{"line":59,"column":17},"end":{"line":59,"column":25}},"23":{"start":{"line":60,"column":6},"end":{"line":60,"column":29}},"24":{"start":{"line":65,"column":4},"end":{"line":71,"column":null}},"25":{"start":{"line":66,"column":6},"end":{"line":66,"column":25}},"26":{"start":{"line":67,"column":6},"end":{"line":67,"column":23}},"27":{"start":{"line":68,"column":6},"end":{"line":68,"column":27}},"28":{"start":{"line":69,"column":6},"end":{"line":69,"column":19}},"29":{"start":{"line":70,"column":6},"end":{"line":70,"column":16}},"30":{"start":{"line":75,"column":14},"end":{"line":75,"column":17}},"31":{"start":{"line":76,"column":4},"end":{"line":76,"column":34}},"32":{"start":{"line":76,"column":18},"end":{"line":76,"column":34}},"33":{"start":{"line":77,"column":4},"end":{"line":77,"column":51}},"34":{"start":{"line":77,"column":20},"end":{"line":77,"column":51}},"35":{"start":{"line":78,"column":4},"end":{"line":79,"column":72}},"36":{"start":{"line":79,"column":6},"end":{"line":79,"column":72}},"37":{"start":{"line":80,"column":4},"end":{"line":80,"column":15}},"38":{"start":{"line":84,"column":4},"end":{"line":87,"column":8}},"39":{"start":{"line":84,"column":29},"end":{"line":87,"column":6}},"40":{"start":{"line":89,"column":4},"end":{"line":92,"column":null}},"41":{"start":{"line":90,"column":6},"end":{"line":90,"column":27}},"42":{"start":{"line":91,"column":6},"end":{"line":91,"column":21}},"43":{"start":{"line":94,"column":4},"end":{"line":94,"column":34}},"44":{"start":{"line":95,"column":4},"end":{"line":95,"column":33}},"45":{"start":{"line":96,"column":16},"end":{"line":96,"column":25}},"46":{"start":{"line":98,"column":4},"end":{"line":123,"column":9}},"47":{"start":{"line":100,"column":8},"end":{"line":102,"column":null}},"48":{"start":{"line":101,"column":10},"end":{"line":101,"column":57}},"49":{"start":{"line":103,"column":8},"end":{"line":103,"column":31}},"50":{"start":{"line":106,"column":8},"end":{"line":119,"column":null}},"51":{"start":{"line":107,"column":10},"end":{"line":110,"column":14}},"52":{"start":{"line":107,"column":35},"end":{"line":110,"column":12}},"53":{"start":{"line":112,"column":10},"end":{"line":112,"column":65}},"54":{"start":{"line":113,"column":10},"end":{"line":118,"column":14}},"55":{"start":{"line":113,"column":35},"end":{"line":118,"column":12}},"56":{"start":{"line":122,"column":8},"end":{"line":122,"column":30}},"57":{"start":{"line":126,"column":2},"end":{"line":128,"column":null}},"58":{"start":{"line":127,"column":4},"end":{"line":127,"column":37}},"59":{"start":{"line":130,"column":2},"end":{"line":134,"column":4}},"60":{"start":{"line":136,"column":24},"end":{"line":136,"column":45}}},"fnMap":{"0":{"name":"SearchResultsProvider","decl":{"start":{"line":15,"column":9},"end":{"line":15,"column":30}},"loc":{"start":{"line":15,"column":57},"end":{"line":135,"column":1}}},"1":{"name":"changePagination","decl":{"start":{"line":36,"column":11},"end":{"line":36,"column":27}},"loc":{"start":{"line":36,"column":39},"end":{"line":41,"column":3}}},"2":{"name":"setSearchQuery","decl":{"start":{"line":43,"column":11},"end":{"line":43,"column":25}},"loc":{"start":{"line":43,"column":39},"end":{"line":48,"column":3}}},"3":{"name":"(anonymous_3)","decl":{"start":{"line":44,"column":13},"end":{"line":44,"column":14}},"loc":{"start":{"line":44,"column":29},"end":{"line":47,"column":6}}},"4":{"name":"loadPage","decl":{"start":{"line":50,"column":11},"end":{"line":50,"column":19}},"loc":{"start":{"line":50,"column":61},"end":{"line":62,"column":3}}},"5":{"name":"changeContext","decl":{"start":{"line":64,"column":11},"end":{"line":64,"column":24}},"loc":{"start":{"line":64,"column":38},"end":{"line":72,"column":3}}},"6":{"name":"joinUrl","decl":{"start":{"line":74,"column":11},"end":{"line":74,"column":18}},"loc":{"start":{"line":74,"column":18},"end":{"line":81,"column":3}}},"7":{"name":"getData","decl":{"start":{"line":83,"column":11},"end":{"line":83,"column":18}},"loc":{"start":{"line":83,"column":47},"end":{"line":124,"column":3}}},"8":{"name":"(anonymous_8)","decl":{"start":{"line":84,"column":13},"end":{"line":84,"column":14}},"loc":{"start":{"line":84,"column":29},"end":{"line":87,"column":6}}},"9":{"name":"(anonymous_9)","decl":{"start":{"line":99,"column":12},"end":{"line":99,"column":13}},"loc":{"start":{"line":99,"column":25},"end":{"line":104,"column":7}}},"10":{"name":"(anonymous_10)","decl":{"start":{"line":105,"column":12},"end":{"line":105,"column":13}},"loc":{"start":{"line":105,"column":66},"end":{"line":120,"column":7}}},"11":{"name":"(anonymous_11)","decl":{"start":{"line":107,"column":19},"end":{"line":107,"column":20}},"loc":{"start":{"line":107,"column":35},"end":{"line":110,"column":12}}},"12":{"name":"(anonymous_12)","decl":{"start":{"line":113,"column":19},"end":{"line":113,"column":20}},"loc":{"start":{"line":113,"column":35},"end":{"line":118,"column":12}}},"13":{"name":"(anonymous_13)","decl":{"start":{"line":121,"column":13},"end":{"line":121,"column":16}},"loc":{"start":{"line":121,"column":18},"end":{"line":123,"column":7}}}},"branchMap":{"0":{"loc":{"start":{"line":50,"column":33},"end":{"line":50,"column":61}},"type":"default-arg","locations":[{"start":{"line":50,"column":57},"end":{"line":50,"column":61}}]},"1":{"loc":{"start":{"line":52,"column":4},"end":{"line":54,"column":null}},"type":"if","locations":[{"start":{"line":52,"column":4},"end":{"line":54,"column":null}}]},"2":{"loc":{"start":{"line":57,"column":6},"end":{"line":57,"column":66}},"type":"cond-expr","locations":[{"start":{"line":57,"column":38},"end":{"line":57,"column":60}},{"start":{"line":57,"column":63},"end":{"line":57,"column":66}}]},"3":{"loc":{"start":{"line":57,"column":6},"end":{"line":57,"column":35}},"type":"binary-expr","locations":[{"start":{"line":57,"column":6},"end":{"line":57,"column":22}},{"start":{"line":57,"column":26},"end":{"line":57,"column":35}}]},"4":{"loc":{"start":{"line":65,"column":4},"end":{"line":71,"column":null}},"type":"if","locations":[{"start":{"line":65,"column":4},"end":{"line":71,"column":null}}]},"5":{"loc":{"start":{"line":76,"column":4},"end":{"line":76,"column":34}},"type":"if","locations":[{"start":{"line":76,"column":4},"end":{"line":76,"column":34}}]},"6":{"loc":{"start":{"line":77,"column":4},"end":{"line":77,"column":51}},"type":"if","locations":[{"start":{"line":77,"column":4},"end":{"line":77,"column":51}}]},"7":{"loc":{"start":{"line":78,"column":4},"end":{"line":79,"column":72}},"type":"if","locations":[{"start":{"line":78,"column":4},"end":{"line":79,"column":72}}]},"8":{"loc":{"start":{"line":79,"column":13},"end":{"line":79,"column":71}},"type":"cond-expr","locations":[{"start":{"line":79,"column":26},"end":{"line":79,"column":47}},{"start":{"line":79,"column":50},"end":{"line":79,"column":71}}]},"9":{"loc":{"start":{"line":89,"column":4},"end":{"line":92,"column":null}},"type":"if","locations":[{"start":{"line":89,"column":4},"end":{"line":92,"column":null}}]},"10":{"loc":{"start":{"line":94,"column":17},"end":{"line":94,"column":33}},"type":"cond-expr","locations":[{"start":{"line":94,"column":24},"end":{"line":94,"column":28}},{"start":{"line":94,"column":31},"end":{"line":94,"column":33}}]},"11":{"loc":{"start":{"line":95,"column":17},"end":{"line":95,"column":32}},"type":"cond-expr","locations":[{"start":{"line":95,"column":24},"end":{"line":95,"column":28}},{"start":{"line":95,"column":31},"end":{"line":95,"column":32}}]},"12":{"loc":{"start":{"line":100,"column":8},"end":{"line":102,"column":null}},"type":"if","locations":[{"start":{"line":100,"column":8},"end":{"line":102,"column":null}}]},"13":{"loc":{"start":{"line":106,"column":8},"end":{"line":119,"column":null}},"type":"if","locations":[{"start":{"line":106,"column":8},"end":{"line":119,"column":null}},{"start":{"line":111,"column":15},"end":{"line":119,"column":null}}]},"14":{"loc":{"start":{"line":126,"column":2},"end":{"line":128,"column":null}},"type":"if","locations":[{"start":{"line":126,"column":2},"end":{"line":128,"column":null}}]}},"s":{"0":3,"1":3,"2":3,"3":1,"4":1,"5":1,"6":1,"7":1,"8":1,"9":1,"10":0,"11":0,"12":0,"13":0,"14":0,"15":0,"16":0,"17":0,"18":0,"19":0,"20":0,"21":0,"22":0,"23":0,"24":0,"25":0,"26":0,"27":0,"28":0,"29":0,"30":0,"31":0,"32":0,"33":0,"34":0,"35":0,"36":0,"37":0,"38":0,"39":0,"40":0,"41":0,"42":0,"43":0,"44":0,"45":0,"46":0,"47":0,"48":0,"49":0,"50":0,"51":0,"52":0,"53":0,"54":0,"55":0,"56":0,"57":1,"58":0,"59":1,"60":3},"f":{"0":1,"1":0,"2":0,"3":0,"4":0,"5":0,"6":0,"7":0,"8":0,"9":0,"10":0,"11":0,"12":0,"13":0},"b":{"0":[0],"1":[0],"2":[0,0],"3":[0,0],"4":[0],"5":[0],"6":[0],"7":[0],"8":[0,0],"9":[0],"10":[0,0],"11":[0,0],"12":[0],"13":[0,0],"14":[0]}}
,"/Users/dmitrijivasenko/Desktop/ОБУЧЕНИЕ/React/react-learning/my-react-app/src/tests/mocks/cardsMock.ts": {"path":"/Users/dmitrijivasenko/Desktop/ОБУЧЕНИЕ/React/react-learning/my-react-app/src/tests/mocks/cardsMock.ts","statementMap":{"0":{"start":{"line":1,"column":13},"end":{"line":112,"column":2}}},"fnMap":{},"branchMap":{},"s":{"0":1},"f":{},"b":{}}
,"/Users/dmitrijivasenko/Desktop/ОБУЧЕНИЕ/React/react-learning/my-react-app/src/tests/mocks/contextMock.tsx": {"path":"/Users/dmitrijivasenko/Desktop/ОБУЧЕНИЕ/React/react-learning/my-react-app/src/tests/mocks/contextMock.tsx","statementMap":{"0":{"start":{"line":2,"column":0},"end":{"line":2,"column":62}},"1":{"start":{"line":3,"column":0},"end":{"line":3,"column":40}},"2":{"start":{"line":7,"column":5},"end":{"line":27,"column":1}},"3":{"start":{"line":8,"column":31},"end":{"line":22,"column":4}},"4":{"start":{"line":24,"column":2},"end":{"line":26,"column":4}},"5":{"start":{"line":5,"column":13},"end":{"line":5,"column":null}}},"fnMap":{"0":{"name":"(anonymous_0)","decl":{"start":{"line":7,"column":5},"end":{"line":7,"column":6}},"loc":{"start":{"line":7,"column":22},"end":{"line":27,"column":1}}},"1":{"name":"(anonymous_1)","decl":{"start":{"line":13,"column":24},"end":{"line":13,"column":27}},"loc":{"start":{"line":13,"column":29},"end":{"line":13,"column":32}}},"2":{"name":"(anonymous_2)","decl":{"start":{"line":14,"column":21},"end":{"line":14,"column":24}},"loc":{"start":{"line":14,"column":26},"end":{"line":14,"column":29}}},"3":{"name":"(anonymous_3)","decl":{"start":{"line":15,"column":16},"end":{"line":15,"column":19}},"loc":{"start":{"line":15,"column":21},"end":{"line":15,"column":24}}},"4":{"name":"(anonymous_4)","decl":{"start":{"line":18,"column":15},"end":{"line":18,"column":18}},"loc":{"start":{"line":18,"column":20},"end":{"line":18,"column":23}}},"5":{"name":"(anonymous_5)","decl":{"start":{"line":19,"column":22},"end":{"line":19,"column":25}},"loc":{"start":{"line":19,"column":27},"end":{"line":19,"column":30}}},"6":{"name":"(anonymous_6)","decl":{"start":{"line":21,"column":14},"end":{"line":21,"column":17}},"loc":{"start":{"line":21,"column":19},"end":{"line":21,"column":22}}}},"branchMap":{},"s":{"0":1,"1":1,"2":1,"3":1,"4":1,"5":1},"f":{"0":1,"1":0,"2":1,"3":1,"4":0,"5":0,"6":0},"b":{}}
,"/Users/dmitrijivasenko/Desktop/ОБУЧЕНИЕ/React/react-learning/my-react-app/src/tests/mocks/styleMock.ts": {"path":"/Users/dmitrijivasenko/Desktop/ОБУЧЕНИЕ/React/react-learning/my-react-app/src/tests/mocks/styleMock.ts","statementMap":{"0":{"start":{"line":1,"column":0},"end":{"line":4,"column":2}}},"fnMap":{},"branchMap":{},"s":{"0":5},"f":{},"b":{}}
}
