TN:
SF:src/App.tsx
FN:6,App
FNF:1
FNH:1
FNDA:3,App
DA:1,1
DA:2,1
DA:3,1
DA:4,1
DA:6,1
DA:7,3
LF:6
LH:6
BRF:0
BRH:0
end_of_record
TN:
SF:src/components/error-button/error-button.tsx
FN:4,ErrorButton
FN:7,throwError
FNF:2
FNH:0
FNDA:0,ErrorButton
FNDA:0,throwError
DA:1,1
DA:2,1
DA:4,1
DA:5,0
DA:8,0
DA:11,0
DA:12,0
DA:14,0
LF:8
LH:3
BRDA:11,0,0,0
BRF:1
BRH:0
end_of_record
TN:
SF:src/components/header/header.tsx
FN:5,Header
FNF:1
FNH:0
FNDA:0,Header
DA:1,1
DA:2,1
DA:3,1
DA:5,1
DA:6,0
LF:5
LH:4
BRF:0
BRH:0
end_of_record
TN:
SF:src/components/loader/loader.tsx
FN:3,Loader
FNF:1
FNH:0
FNDA:0,Loader
DA:1,1
DA:3,1
DA:4,0
LF:3
LH:2
BRF:0
BRH:0
end_of_record
TN:
SF:src/components/main-block/main-block.tsx
FN:4,MainBlock
FNF:1
FNH:0
FNDA:0,MainBlock
DA:1,1
DA:2,1
DA:4,1
DA:5,0
LF:4
LH:3
BRF:0
BRH:0
end_of_record
TN:
SF:src/components/results/results.tsx
FN:13,Results
FN:20,openDetails
FN:24,handleChange
FN:30,(anonymous_4)
FN:41,(anonymous_5)
FN:58,(anonymous_6)
FN:67,(anonymous_7)
FN:79,(anonymous_8)
FNF:8
FNH:2
FNDA:1,Results
FNDA:0,openDetails
FNDA:0,handleChange
FNDA:1,(anonymous_4)
FNDA:0,(anonymous_5)
FNDA:0,(anonymous_6)
FNDA:0,(anonymous_7)
FNDA:0,(anonymous_8)
DA:1,1
DA:2,1
DA:3,1
DA:4,1
DA:6,1
DA:7,1
DA:13,1
DA:14,1
DA:16,1
DA:17,1
DA:18,1
DA:21,0
DA:25,0
DA:26,0
DA:27,0
DA:30,1
DA:31,1
DA:32,0
DA:33,0
DA:37,1
DA:38,0
DA:39,0
DA:40,0
DA:41,0
DA:47,0
DA:59,0
DA:67,0
DA:80,0
LF:28
LH:14
BRDA:31,0,0,0
BRDA:37,1,0,0
BRDA:49,2,0,0
BRDA:49,2,1,0
BRDA:56,3,0,0
BRDA:56,3,1,0
BRDA:61,4,0,0
BRDA:61,4,1,0
BRDA:68,5,0,0
BRDA:68,5,1,0
BRDA:74,6,0,0
BRDA:74,6,1,0
BRF:12
BRH:0
end_of_record
TN:
SF:src/components/search/search.tsx
FN:6,MyButton
FN:16,Search
FN:20,(anonymous_2)
FN:25,handleUserInput
FN:29,handleSearchClick
FNF:5
FNH:0
FNDA:0,MyButton
FNDA:0,Search
FNDA:0,(anonymous_2)
FNDA:0,handleUserInput
FNDA:0,handleSearchClick
DA:1,1
DA:3,1
DA:4,1
DA:7,0
DA:16,1
DA:17,0
DA:18,0
DA:20,0
DA:21,0
DA:22,0
DA:26,0
DA:30,0
DA:31,0
DA:32,0
DA:36,0
LF:15
LH:4
BRDA:18,0,0,0
BRDA:18,0,1,0
BRDA:21,1,0,0
BRDA:21,1,1,0
BRDA:31,2,0,0
BRF:5
BRH:0
end_of_record
TN:
SF:src/services/error-boundary.tsx
FN:12,(anonymous_0)
FN:17,(anonymous_1)
FN:22,(anonymous_2)
FN:26,(anonymous_3)
FNF:4
FNH:4
FNDA:3,(anonymous_0)
FNDA:2,(anonymous_1)
FNDA:1,(anonymous_2)
FNDA:4,(anonymous_3)
DA:1,1
DA:13,3
DA:14,2
DA:18,2
DA:19,2
DA:23,1
DA:27,4
DA:28,2
DA:35,2
DA:39,1
LF:10
LH:10
BRDA:27,0,0,2
BRF:1
BRH:1
end_of_record
TN:
SF:src/services/search-context.tsx
FN:16,SearchResultsProvider
FN:38,changePagination
FN:45,setSearchQuery
FN:46,(anonymous_3)
FN:54,loadPage
FN:71,changeContext
FN:81,joinUrl
FN:90,getData
FN:91,(anonymous_8)
FN:107,(anonymous_9)
FN:113,(anonymous_10)
FN:115,(anonymous_11)
FN:121,(anonymous_12)
FN:129,(anonymous_13)
FNF:14
FNH:1
FNDA:4,SearchResultsProvider
FNDA:0,changePagination
FNDA:0,setSearchQuery
FNDA:0,(anonymous_3)
FNDA:0,loadPage
FNDA:0,changeContext
FNDA:0,joinUrl
FNDA:0,getData
FNDA:0,(anonymous_8)
FNDA:0,(anonymous_9)
FNDA:0,(anonymous_10)
FNDA:0,(anonymous_11)
FNDA:0,(anonymous_12)
FNDA:0,(anonymous_13)
DA:1,2
DA:8,2
DA:14,2
DA:17,4
DA:18,0
DA:31,0
DA:32,0
DA:33,0
DA:34,0
DA:35,0
DA:36,0
DA:39,0
DA:40,0
DA:41,0
DA:42,0
DA:46,0
DA:51,0
DA:55,0
DA:56,0
DA:57,0
DA:58,0
DA:60,0
DA:64,0
DA:65,0
DA:66,0
DA:67,0
DA:72,0
DA:73,0
DA:74,0
DA:75,0
DA:76,0
DA:77,0
DA:82,0
DA:83,0
DA:84,0
DA:85,0
DA:86,0
DA:87,0
DA:91,0
DA:96,0
DA:97,0
DA:98,0
DA:99,0
DA:102,0
DA:103,0
DA:104,0
DA:106,0
DA:108,0
DA:109,0
DA:111,0
DA:114,0
DA:115,0
DA:120,0
DA:121,0
DA:130,0
DA:134,0
DA:135,0
DA:138,0
DA:144,2
LF:59
LH:5
BRDA:54,0,0,0
BRDA:56,1,0,0
BRDA:56,1,1,0
BRDA:64,2,0,0
BRDA:64,2,1,0
BRDA:64,3,0,0
BRDA:64,3,1,0
BRDA:72,4,0,0
BRDA:83,5,0,0
BRDA:84,6,0,0
BRDA:85,7,0,0
BRDA:86,8,0,0
BRDA:86,8,1,0
BRDA:96,9,0,0
BRDA:102,10,0,0
BRDA:102,10,1,0
BRDA:103,11,0,0
BRDA:103,11,1,0
BRDA:108,12,0,0
BRDA:114,13,0,0
BRDA:114,13,1,0
BRDA:134,14,0,0
BRF:22
BRH:0
end_of_record
TN:
SF:src/tests/mocks/styleMock.ts
FNF:0
FNH:0
DA:1,2
LF:1
LH:1
BRF:0
BRH:0
end_of_record
